# JRE version: Java(TM) SE Runtime Environment (17.0.12+8) (build 17.0.12+8-LTS-286)
# Java VM: Java HotSpot(TM) 64-Bit Server VM (17.0.12+8-LTS-286, mixed mode, sharing, tiered, compressed oops, compressed class ptrs, g1 gc, windows-amd64)
GC Precious Log:
 CPUs: 8 total, 8 available
 Memory: 7908M
 Large Page Support: Disabled
 NUMA Support: Disabled
 Compressed Oops: Enabled (32-bit)
 Heap Region Size: 1M
 Heap Min Capacity: 8M
 Heap Initial Capacity: 124M
 Heap Max Capacity: 1978M
 Pre-touch: Disabled
 Parallel Workers: 8
 Concurrent Workers: 2
 Concurrent Refinement Workers: 8
 Periodic GC: Disabled
Heap:
 garbage-first heap   total 53248K, used 34953K [0x0000000084600000, 0x0000000100000000)
  region size 1024K, 7 young (7168K), 2 survivors (2048K)
 Metaspace       used 68626K, committed 69184K, reserved 1114112K
  class space    used 9472K, committed 9728K, reserved 1048576K
GC Heap History (20 events):
Event: 10.230 GC heap before
{Heap before GC invocations=12 (full 0):
 garbage-first heap   total 51200K, used 39538K [0x0000000084600000, 0x0000000100000000)
  region size 1024K, 20 young (20480K), 2 survivors (2048K)
 Metaspace       used 41886K, committed 42368K, reserved 1114112K
  class space    used 5344K, committed 5568K, reserved 1048576K
}
Event: 10.234 GC heap after
{Heap after GC invocations=13 (full 0):
 garbage-first heap   total 51200K, used 22611K [0x0000000084600000, 0x0000000100000000)
  region size 1024K, 3 young (3072K), 3 survivors (3072K)
 Metaspace       used 41886K, committed 42368K, reserved 1114112K
  class space    used 5344K, committed 5568K, reserved 1048576K
}
Event: 11.034 GC heap before
{Heap before GC invocations=13 (full 0):
 garbage-first heap   total 51200K, used 38995K [0x0000000084600000, 0x0000000100000000)
  region size 1024K, 20 young (20480K), 3 survivors (3072K)
 Metaspace       used 45715K, committed 46144K, reserved 1114112K
  class space    used 5959K, committed 6144K, reserved 1048576K
}
Event: 11.040 GC heap after
{Heap after GC invocations=14 (full 0):
 garbage-first heap   total 51200K, used 23598K [0x0000000084600000, 0x0000000100000000)
  region size 1024K, 2 young (2048K), 2 survivors (2048K)
 Metaspace       used 45715K, committed 46144K, reserved 1114112K
  class space    used 5959K, committed 6144K, reserved 1048576K
}
Event: 12.129 GC heap before
{Heap before GC invocations=14 (full 0):
 garbage-first heap   total 51200K, used 39982K [0x0000000084600000, 0x0000000100000000)
  region size 1024K, 19 young (19456K), 2 survivors (2048K)
 Metaspace       used 49837K, committed 50368K, reserved 1114112K
  class space    used 6612K, committed 6848K, reserved 1048576K
}
Event: 12.132 GC heap after
{Heap after GC invocations=15 (full 0):
 garbage-first heap   total 51200K, used 24365K [0x0000000084600000, 0x0000000100000000)
  region size 1024K, 2 young (2048K), 2 survivors (2048K)
 Metaspace       used 49837K, committed 50368K, reserved 1114112K
  class space    used 6612K, committed 6848K, reserved 1048576K
}
Event: 12.863 GC heap before
{Heap before GC invocations=15 (full 0):
 garbage-first heap   total 51200K, used 40749K [0x0000000084600000, 0x0000000100000000)
  region size 1024K, 19 young (19456K), 2 survivors (2048K)
 Metaspace       used 53254K, committed 53760K, reserved 1114112K
  class space    used 7052K, committed 7296K, reserved 1048576K
}
Event: 12.867 GC heap after
{Heap after GC invocations=16 (full 0):
 garbage-first heap   total 51200K, used 25186K [0x0000000084600000, 0x0000000100000000)
  region size 1024K, 2 young (2048K), 2 survivors (2048K)
 Metaspace       used 53254K, committed 53760K, reserved 1114112K
  class space    used 7052K, committed 7296K, reserved 1048576K
}
Event: 13.511 GC heap before
{Heap before GC invocations=16 (full 0):
 garbage-first heap   total 51200K, used 40546K [0x0000000084600000, 0x0000000100000000)
  region size 1024K, 18 young (18432K), 2 survivors (2048K)
 Metaspace       used 58152K, committed 58688K, reserved 1114112K
  class space    used 7809K, committed 8064K, reserved 1048576K
}
Event: 13.515 GC heap after
{Heap after GC invocations=17 (full 0):
 garbage-first heap   total 51200K, used 25874K [0x0000000084600000, 0x0000000100000000)
  region size 1024K, 2 young (2048K), 2 survivors (2048K)
 Metaspace       used 58152K, committed 58688K, reserved 1114112K
  class space    used 7809K, committed 8064K, reserved 1048576K
}
Event: 14.302 GC heap before
{Heap before GC invocations=18 (full 0):
 garbage-first heap   total 51200K, used 41234K [0x0000000084600000, 0x0000000100000000)
  region size 1024K, 18 young (18432K), 2 survivors (2048K)
 Metaspace       used 60952K, committed 61440K, reserved 1114112K
  class space    used 8332K, committed 8576K, reserved 1048576K
}
Event: 14.306 GC heap after
{Heap after GC invocations=19 (full 0):
 garbage-first heap   total 51200K, used 26367K [0x0000000084600000, 0x0000000100000000)
  region size 1024K, 2 young (2048K), 2 survivors (2048K)
 Metaspace       used 60952K, committed 61440K, reserved 1114112K
  class space    used 8332K, committed 8576K, reserved 1048576K
}
Event: 15.185 GC heap before
{Heap before GC invocations=19 (full 0):
 garbage-first heap   total 51200K, used 42751K [0x0000000084600000, 0x0000000100000000)
  region size 1024K, 18 young (18432K), 2 survivors (2048K)
 Metaspace       used 63778K, committed 64384K, reserved 1114112K
  class space    used 8739K, committed 9024K, reserved 1048576K
}
Event: 15.190 GC heap after
{Heap after GC invocations=20 (full 0):
 garbage-first heap   total 51200K, used 27625K [0x0000000084600000, 0x0000000100000000)
  region size 1024K, 3 young (3072K), 3 survivors (3072K)
 Metaspace       used 63778K, committed 64384K, reserved 1114112K
  class space    used 8739K, committed 9024K, reserved 1048576K
}
Event: 15.955 GC heap before
{Heap before GC invocations=21 (full 0):
 garbage-first heap   total 51200K, used 41961K [0x0000000084600000, 0x0000000100000000)
  region size 1024K, 17 young (17408K), 3 survivors (3072K)
 Metaspace       used 66687K, committed 67264K, reserved 1114112K
  class space    used 9183K, committed 9472K, reserved 1048576K
}
Event: 15.959 GC heap after
{Heap after GC invocations=22 (full 0):
 garbage-first heap   total 51200K, used 28684K [0x0000000084600000, 0x0000000100000000)
  region size 1024K, 3 young (3072K), 3 survivors (3072K)
 Metaspace       used 66687K, committed 67264K, reserved 1114112K
  class space    used 9183K, committed 9472K, reserved 1048576K
}
Event: 16.503 GC heap before
{Heap before GC invocations=22 (full 0):
 garbage-first heap   total 51200K, used 41996K [0x0000000084600000, 0x0000000100000000)
  region size 1024K, 16 young (16384K), 3 survivors (3072K)
 Metaspace       used 67378K, committed 67904K, reserved 1114112K
  class space    used 9276K, committed 9536K, reserved 1048576K
}
Event: 16.510 GC heap after
{Heap after GC invocations=23 (full 0):
 garbage-first heap   total 51200K, used 29950K [0x0000000084600000, 0x0000000100000000)
  region size 1024K, 2 young (2048K), 2 survivors (2048K)
 Metaspace       used 67378K, committed 67904K, reserved 1114112K
  class space    used 9276K, committed 9536K, reserved 1048576K
}
Event: 16.982 GC heap before
{Heap before GC invocations=24 (full 0):
 garbage-first heap   total 53248K, used 42238K [0x0000000084600000, 0x0000000100000000)
  region size 1024K, 14 young (14336K), 2 survivors (2048K)
 Metaspace       used 68000K, committed 68544K, reserved 1114112K
  class space    used 9373K, committed 9600K, reserved 1048576K
}
Event: 16.986 GC heap after
{Heap after GC invocations=25 (full 0):
 garbage-first heap   total 53248K, used 30857K [0x0000000084600000, 0x0000000100000000)
  region size 1024K, 2 young (2048K), 2 survivors (2048K)
 Metaspace       used 68000K, committed 68544K, reserved 1114112K
  class space    used 9373K, committed 9600K, reserved 1048576K
}

